<?xml version="1.0" encoding="UTF-8"?>
<!-- Generated by org.testng.reporters.JUnitXMLReporter -->
<testsuite ignored="1" hostname="DESKTOP-2AOU9HH" failures="1" tests="4" name="Test" time="44.724" errors="0" timestamp="2022-09-17T15:06:58 IST">
  <testcase classname="BaseTest.BaseTest" name="@BeforeClass initilization" time="36.249">
    <failure type="org.openqa.selenium.SessionNotCreatedException" message="Could not start a new session. Response code 500. Message: An unknown server-side error occurred while processing the command. Original error: Could not proxy command to the remote server. Original error: socket hang up
Build info: version: &amp;apos;4.4.0&amp;apos;, revision: &amp;apos;e5c75ed026a&amp;apos;
System info: host: &amp;apos;DESKTOP-2AOU9HH&amp;apos;, ip: &amp;apos;192.168.5.100&amp;apos;, os.name: &amp;apos;Windows 10&amp;apos;, os.arch: &amp;apos;amd64&amp;apos;, os.version: &amp;apos;10.0&amp;apos;, java.version: &amp;apos;17.0.3&amp;apos;
Driver info: io.appium.java_client.android.AndroidDriver
Command: [null, newSession {capabilities=[{appium:deviceName=realme RMX3171, platformName=ANDROID, appium:automationName=UIAutomator2, appium:app=C:\Users\Brigosha_Guest\Documents\app-release.apk}], desiredCapabilities=Capabilities {appium:app: C:\Users\Brigosha_Guest\Doc..., appium:automationName: UIAutomator2, appium:deviceName: realme RMX3171, platformName: ANDROID}}]
Capabilities {}">
      <![CDATA[org.openqa.selenium.SessionNotCreatedException: Could not start a new session. Response code 500. Message: An unknown server-side error occurred while processing the command. Original error: Could not proxy command to the remote server. Original error: socket hang up
Build info: version: '4.4.0', revision: 'e5c75ed026a'
System info: host: 'DESKTOP-2AOU9HH', ip: '192.168.5.100', os.name: 'Windows 10', os.arch: 'amd64', os.version: '10.0', java.version: '17.0.3'
Driver info: io.appium.java_client.android.AndroidDriver
Command: [null, newSession {capabilities=[{appium:deviceName=realme RMX3171, platformName=ANDROID, appium:automationName=UIAutomator2, appium:app=C:\Users\Brigosha_Guest\Documents\app-release.apk}], desiredCapabilities=Capabilities {appium:app: C:\Users\Brigosha_Guest\Doc..., appium:automationName: UIAutomator2, appium:deviceName: realme RMX3171, platformName: ANDROID}}]
Capabilities {}
at org.openqa.selenium.remote.ProtocolHandshake.createSession(ProtocolHandshake.java:144)
at io.appium.java_client.remote.AppiumProtocolHandshake.createSession(AppiumProtocolHandshake.java:126)
at io.appium.java_client.remote.AppiumProtocolHandshake.createSession(AppiumProtocolHandshake.java:102)
at io.appium.java_client.remote.AppiumCommandExecutor.createSession(AppiumCommandExecutor.java:146)
at io.appium.java_client.remote.AppiumCommandExecutor.execute(AppiumCommandExecutor.java:180)
at org.openqa.selenium.remote.RemoteWebDriver.execute(RemoteWebDriver.java:547)
at io.appium.java_client.AppiumDriver.startSession(AppiumDriver.java:224)
at org.openqa.selenium.remote.RemoteWebDriver.<init>(RemoteWebDriver.java:157)
at io.appium.java_client.AppiumDriver.<init>(AppiumDriver.java:79)
at io.appium.java_client.AppiumDriver.<init>(AppiumDriver.java:87)
at io.appium.java_client.android.AndroidDriver.<init>(AndroidDriver.java:116)
at BaseTest.BaseTest.initilization(BaseTest.java:138)
at java.base/java.util.ArrayList.forEach(ArrayList.java:1511)
... Removed 29 stack frames]]>
    </failure>
  </testcase> <!-- @BeforeClass initilization -->
  <testcase classname="BaseTest.BaseTest" name="@BeforeClass initilization" time="8.32">
    <failure type="org.openqa.selenium.SessionNotCreatedException" message="Could not start a new session. Response code 500. Message: An unknown server-side error occurred while processing the command. Original error: Could not proxy command to the remote server. Original error: socket hang up
Build info: version: &amp;apos;4.4.0&amp;apos;, revision: &amp;apos;e5c75ed026a&amp;apos;
System info: host: &amp;apos;DESKTOP-2AOU9HH&amp;apos;, ip: &amp;apos;192.168.5.100&amp;apos;, os.name: &amp;apos;Windows 10&amp;apos;, os.arch: &amp;apos;amd64&amp;apos;, os.version: &amp;apos;10.0&amp;apos;, java.version: &amp;apos;17.0.3&amp;apos;
Driver info: io.appium.java_client.android.AndroidDriver
Command: [null, newSession {capabilities=[{appium:deviceName=realme RMX3171, platformName=ANDROID, appium:automationName=UIAutomator2, appium:app=C:\Users\Brigosha_Guest\Documents\app-release.apk}], desiredCapabilities=Capabilities {appium:app: C:\Users\Brigosha_Guest\Doc..., appium:automationName: UIAutomator2, appium:deviceName: realme RMX3171, platformName: ANDROID}}]
Capabilities {}">
      <![CDATA[org.openqa.selenium.SessionNotCreatedException: Could not start a new session. Response code 500. Message: An unknown server-side error occurred while processing the command. Original error: Could not proxy command to the remote server. Original error: socket hang up
Build info: version: '4.4.0', revision: 'e5c75ed026a'
System info: host: 'DESKTOP-2AOU9HH', ip: '192.168.5.100', os.name: 'Windows 10', os.arch: 'amd64', os.version: '10.0', java.version: '17.0.3'
Driver info: io.appium.java_client.android.AndroidDriver
Command: [null, newSession {capabilities=[{appium:deviceName=realme RMX3171, platformName=ANDROID, appium:automationName=UIAutomator2, appium:app=C:\Users\Brigosha_Guest\Documents\app-release.apk}], desiredCapabilities=Capabilities {appium:app: C:\Users\Brigosha_Guest\Doc..., appium:automationName: UIAutomator2, appium:deviceName: realme RMX3171, platformName: ANDROID}}]
Capabilities {}
at org.openqa.selenium.remote.ProtocolHandshake.createSession(ProtocolHandshake.java:144)
at io.appium.java_client.remote.AppiumProtocolHandshake.createSession(AppiumProtocolHandshake.java:126)
at io.appium.java_client.remote.AppiumProtocolHandshake.createSession(AppiumProtocolHandshake.java:102)
at io.appium.java_client.remote.AppiumCommandExecutor.createSession(AppiumCommandExecutor.java:146)
at io.appium.java_client.remote.AppiumCommandExecutor.execute(AppiumCommandExecutor.java:180)
at org.openqa.selenium.remote.RemoteWebDriver.execute(RemoteWebDriver.java:547)
at io.appium.java_client.AppiumDriver.startSession(AppiumDriver.java:224)
at org.openqa.selenium.remote.RemoteWebDriver.<init>(RemoteWebDriver.java:157)
at io.appium.java_client.AppiumDriver.<init>(AppiumDriver.java:79)
at io.appium.java_client.AppiumDriver.<init>(AppiumDriver.java:87)
at io.appium.java_client.android.AndroidDriver.<init>(AndroidDriver.java:116)
at BaseTest.BaseTest.initilization(BaseTest.java:138)
at java.base/java.util.ArrayList.forEach(ArrayList.java:1511)
... Removed 29 stack frames]]>
    </failure>
  </testcase> <!-- @BeforeClass initilization -->
  <testcase classname="Test.DigitalLibrary" name="scroll" time="0.0">
    <skipped/>
  </testcase> <!-- scroll -->
  <testcase classname="Test.DigitalLibrary" name="library" time="0.0">
    <skipped/>
  </testcase> <!-- library -->
  <testcase classname="Test.DigitalLibrary" name="swipeAction" time="0.0">
    <failure type="org.testng.TestNGException" message="
Cannot inject @Test annotated Method [swipeAction] with [interface org.openqa.selenium.WebElement, class java.lang.String].
For more information on native dependency injection please refer to https://testng.org/doc/documentation-main.html#native-dependency-injection">
      <![CDATA[org.testng.TestNGException: 
Cannot inject @Test annotated Method [swipeAction] with [interface org.openqa.selenium.WebElement, class java.lang.String].
For more information on native dependency injection please refer to https://testng.org/doc/documentation-main.html#native-dependency-injection
at java.base/java.util.ArrayList.forEach(ArrayList.java:1511)
... Removed 26 stack frames]]>
    </failure>
  </testcase> <!-- swipeAction -->
  <testcase classname="Test.Login" name="Login" time="0.0">
    <skipped/>
  </testcase> <!-- Login -->
  <testcase classname="Test.DigitalLibrary" name="scrollDown" time="0.0">
    <ignored/>
  </testcase> <!-- scrollDown -->
</testsuite> <!-- Test -->
